[   .00000Intialing cgupsubs cuset
  0.0000 Inialzinggrup ssy cpu[   0.0000] italizg groususys uact
  0.0000] inuxerion 4.-124enric uidd@l01amd602) (g vrsio5..0 26009Ubntu 4.-6ubtu~16.00.9) ) #148-Ubuntu SP d Ma2 3:008 TC 28 Ubun 44.0-4.48-gerc 4.11)
[  0000000Comandin: BO_IAGE=oo/vmluz4.4.12-genicrootLAL=cldig-roos o cool=ty1onsolety0
[   0000] ERNEsupoedcpus:
[    0.000000]  Iel GnuinInte
[   0.000]  MDAuthencAD
[   0000]  CenurCentrHuls    00000]86fpu:Lecy x7 U dectd.
  0.000000] x8/f: Usg laz FPUcontt witchs.
[  0.0000 e20: OSprovde physical AM map:
[    0.000000] BIOS-e820: [mem 0x0000000000000000-0x000000000009fbff] usabl
   0.000] BIOS-e0:[mm 000000009f00x000000009ffff rseved[   0.0000 BIOS-82: mem 0x00000000000f0000-0x00000000000fffff] reered
[   .00000] BIOS-e820: [mem 0x000000000000000x000000003ffeffff] usable
[    0.000000]BIS-820:[mm x000000003fff0000-0x000000003fffffff] ACPI data
[    0.000000] BIOS-e820: [mem 0x0000000fc0000-x000000fec0f] reserved
[    0.000000] BIOS-e820: [me 0000000ee000-0x000000fe00ff] esrved
[    0.000000] BIOS-e820: [mem 0x00000000fffc0000-0x000000ffffff reserved
[    0.000000] NX (Execute Disable) protection: active
[    0.000000] SMBIOS 2.5 present.
[    0.000000] Hypervisor detected: KVM
[    0.000000] Kernel/User page tables isolation: disabled
[    .0000] AP:NoAGP brdgfound
[    0.000000] e820: last_pfn = 03ff0max_arh_fn= 0x4000000
[    0.000000] MTRR: Disabled
[    0.00000 x6/PAT:MTs diabd, skipping PAT initialization too.
[    0.000000] CPU MTRRs all blank - virtualized system.
   000000]x8/PAT: onigration[07] WB  WT UCUC  WB W  C- U  
[   0.0000] fondSM MP-abe t [mm 0009fff0-0x0009fff mppedatffff80009fff0
   0.000000] Scanning 1 areas for low memory corrptn
[   000000 RDISK: me0x36a00-0x757ff]
  0.000000] ACPI: ary ablechksumveficaiodisale
[    0.000000] ACPI: RSDP 0x00000000000E0000 000024 (v02 VBOX  )
[    0.000000] ACPI: XST 000000FFF003 003C v0 VOX  VBXXDT 000000 AL  00061)[   0.000000] ACPI: FACP 0x000000003FFF0F 000F4 (04BOX  VXFACP 00001 AS  000061)
[    0.000000] ACPI: DSDT 0x000000003FFF0470 0021FF (v02 VBOX   VBOXBIOS 00002 INTL200028)[   0.0000 ACPI:FA 0x0000003FF02000004
[    00000] ACPI: FACS 0x000000003FFF0200 000040
[    0.000000] ACPI: APIC 0x000000003FFF0240 0005 (02 VBOX   VBOXAPIC 00000001 ASL  00000061)
[   .00000] CP: SSDT 0x000000003FFF02A0 0001CC (v01 VBOX   VBOXCPUT 00000002 INTL 20100528)
[   0.00000 N NUMA onguraiofound[   0.0000 Fakin anoe at [emx0000000000000-0x000003ffff]
[   00000]NOE_ATA(0) allocated [mem 0x3ffeb000-0x3ffeffff]
   000000]vm-clock: Using msrs 4b564d01 and 4b564d00
[    0.000000] kvm-clock: cpu 0, msr 03fe301, riry cpu clock
[    0.000000] kvm-clock: usingscedoffsetof3717618156cyes
[   000000]clckource km-lock: as 0xfffffffffff mx_cycles: 0x1cd42e4dffb, max_idle_ns: 881590591483 ns
[    0.00000] on ranges:[    0.000000]   DMA      [mem 0x0000000000001000-0x0000000000ffffff]
[   .00000   DMA32    [mem 0x0000000001000000-0x000000003ffeffff]
[    0.000000]   Normal   empty
[    0.000000]   Device   empty
[    0.000000] Movable zone start for each node
[    0.000000] Early memory node ranges
[    0.000000]   node   0: [mem 0x0000000000001000-0x000000000009efff]
[    0.000000]   node   0: [mem 0x0000000000100000-0x000000003ffeffff]
[    0.000000] Initmem setup node 0 [mem 0x0000000000001000-0x000000003ffeffff]
[    0.000000] ACPI: PM-Timer IO Port: 0x4008
[    0.000000] IOAPIC[0]: apic_id 2, version 32, address 0xfec00000, GSI 0-23
[    0.000000] ACPI: INT_SRC_OVR (bus 0 bus_irq 0 global_irq 2 dfl dfl)
[    0.000000] ACPI: NT_SR_OR bus 0 bus_irq 9 global_irq 9 owevel
   0.0000]Using CP (ADT) for SMP configuration information
[    0.000000] smpboot: Allowing 2 CPUs,  htpug CUs
[    0.000000] PM: Registered nosave memory: [mem 0x00000000-0x00000ff]
[    0.000000] PM: Registered sae memory [em0x000900-00009fff]
[    0.00000]PM Rgistre nsavemery: [mm 000a00-0000eff]
[   000000]PM Rgisterd osve mmo: [mem 0x000f0000-0x000fffff]
[    0.00000] 20: [mm 4000000-xfbffff]avilable for PCI devices
[    0.00000] Booting paravirtualized kernel o KM
[  0.00000 cocsource: refined-jiffies: mask: 0xffffffff max_cycles: 0xffffffff, max_idle_ns: 7645519600211568 ns
[    0.000000] setup_percpu: NR_CPUS:512 nr_cpumask_bits:512 nr_cu_s:2 nr_ndeds:1
  0.0000] ERCP: bedded34paes/cp @ff8800fc000 s954r8192 3128u104856[   0.0000] V spnlock as tble ntries 26 (ordr:0,4096bys)
[   .00000] Built1 nelist i Nde order, mobility grouping on.  Total pages: 257912
[    0.000000] Policy zone DA3
[   0.0000] Kernel command line: BOOT_IMAGE=/boot/vmlinz-.40-12-gneic roo=LBE=cloudmgrotfs o nsole=tty1 console=ttyS0
[    0.000000] PIDhah able entries: 4096 (order: 3, 32768 bytes)
[    0.000000] AGP: Checking aperture...
[    0.000000] AGP: No AGP bridge foun
   0.00000 Mmory: 1001612K/1048120K available (8532K kene cde, 133Krwata,396K rodata, 1508K init, 1316K bss, 46508K reserved, 0K cma-reserved)
[    0.000000] SLUB: HWalign=64, Order=0-3, MinObjects=0, CPUs=2, Nodes=1
[    0.000000] Hierarchical RCU implementation.
[    0.000000] 	Build-time adjustment of leaf fanout to 64.
[    0.000000] 	RCU restricting CPUs from NR_CPUS=512 to nr_cpu_ids=2.
    .0000] RCU Ajuting gemey fo ru_anout_leaf=64, nr_cpu_ids=2
[    0.000000] NR_IRQS:33024 nr_irqs:440 16
[  0000000 Conol: color GA 80x2
   0.00000consol [y1] enbl
[   0.0000] onol [ttyS0]enbld
[   000000] tsc: Detected 3013.542 MHz processor
[    0.000000] tsc: Marking TSC unstable due to TSCs unsynchronized
[    0.012000] Calibrating delay loop (skipped) preset value.. 6027.08 BogoMIPS (lpj=12054168)
[    0.016009] pid_max: default: 32768 minimum: 301
[    0.020010] ACPI: Core revision 20150930
[    0.025116] ACPI: 2 ACPI AML tables successfully acquired and loaded
[    0.032329] Security Framework initialized
[    0.036005] Yama: becoming mindful.
[    0.040021] AppArmor: AppArmor initialized
[    0.044117] Dentry cache hash table entries: 131072 (order: 8, 1048576 bytes)
[    0.048246] Inode-cache hash table entries: 65536 (order: 7, 524288 bytes)
[    0.053321] Mount-cache hash table entries: 2048 (order: 2, 16384 bytes)
[    0.056014] Mountpoint-cache hash table entries: 2048 (order: 2, 16384 bytes)
[    0.060229] Initializing cgroup subsys io
[    0.064007] Initializing cgroup subsys memory
[    0.068014] Initializing cgroup subsys devices
[    0.072007] Initializing cgroup subsys freezer
[    0.076006] Initializing cgroup subsys net_cls
[    0.080009] Initializing cgroup subsys perf_event
[    0.084023] Initializing cgroup subsys net_prio
[    0.088049] Initializing cgroup subsys hugetlb
[    0.092047] Initializing cgroup subsys pids
[    0.096166] FEATURE SPEC_CTRL Not Present
[    0.100004] FEATURE IBPB Not Present
[    0.104016] Disabling indirect branch predictor support
[    0.108009] CPU: Physical Processor ID: 0
[    0.108968] CPU: Processor Core ID: 0
[    0.112007] mce: CPU supports 0 MCE banks
[    0.116022] process: using AMD E400 aware idle routine
[    0.120008] Last level iTLB entries: 4KB 512, 2MB 16, 4MB 8
[    0.124004] Last level dTLB entries: 4KB 512, 2MB 128, 4MB 64, 1GB 0
[    0.128006] Spectre V2 mitigation: LFENCE not serializing. Switching to generic retpoline
[    0.132005] Spectre V2 mitigation: Mitigation: Full generic retpoline
[    0.136027] Spectre V2 mitigation: Speculation control IBPB not-supported IBRS not-supported
[    0.140011] Spectre V2 mitigation: Filling RSB on context switch
[    0.146677] Freeing SMP alternatives memory: 32K
[    0.160802] ftrace: allocating 32202 entries in 126 pages
[    0.180112] smpboot: APIC(0) Converting physical 0 to logical package 0
[    0.184005] smpboot: Max logical packages: 1
[    0.188339] x2apic enabled
[    0.192006] Switched APIC routing to physical x2apic.
[    0.197282] ..TIMER: vector=0x30 apic1=0 pin1=2 apic2=-1 pin2=-1
[    0.204000] smpboot: CPU0: AMD Phenom(tm) II X6 1075T Processor (family: 0x10, model: 0xa, stepping: 0x0)
[    0.208015] Performance Events: Broken PMU hardware detected, using software events only.
[    0.211076] Failed to access perfctr msr (MSR c0010007 is 0)
[    0.212040] KVM setup paravirtual spinlock
[    0.216813] x86: Booting SMP configurationn
[    0.220008] .... node  #0, CPUs:      #1
[    0.012000] kvm-clock: cpu 1, msr 0:3ffe3041, secondary cpu clock
[    0.012000] mce: CPU supports 0 MCE banks
[    0.244370] x86: Booted up 1 node, 2 CPUs
[    0.245566] smpboot: Total of 2 processors activated (12054.16 BogoMIPS)
[    0.248310] devtmpfs: initialized
[    0.255117] evm: security.selinux
[    0.256003] evm: security.SMACK64
[    0.260005] evm: security.SMACK64EXEC
[    0.264002] evm: security.SMACK64TRANSMUTE
[    0.268002] evm: security.SMACK64MMAP
[    0.272002] evm: security.ima
[    0.276002] evm: security.capability
[    0.280208] clocksource: jiffies: mask: 0xffffffff max_cycles: 0xffffffff, max_idle_ns: 7645041785100000 ns
[    0.284059] futex hash table entries: 512 (order: 3, 32768 bytes)
[    0.292117] pinctrl core: initialized pinctrl subsystem
[    0.296238] RTC time: 10:47:50, date: 05/13/18
[    0.301894] NET: Registered protocol family 16
[    0.316033] cpuidle: using governor  adder
[    0.332023] cpuidle: using governor menu
[    0.336022] PCCT header not found.
[    0.340676] ACPI: bus type PCI registered
[    0.344012] acpiphp: ACPI Hot Plug PCI Controller Driver version: 0.5
[    0.348157] PCI: Using configuration type 1 for base access
[    0.352002] PCI: Using configuration type 1 for extended access
[    0.368180] ACPI: Added _OSI(Module Device)
[    0.436027] ACPI: Added _OSI(Processor Device)[    0.460003] ACPI: Added _OSI(3.0 _SCP Extensions)
[    0.556016] ACPI: Added _OSI(Processor Aggregator Device)
[    0.572821] ACPI: Executed 1 blocks of module-level executable AML code
[    0.640602] ACPI: Interpreter enabled
[    0.672015] ACPI: (supports S0 S5)
[    0.680003] ACPI: Using IOAPIC for interrupt routing
[    0.700244] PCI: Using host bridge windows from ACPI; if necessary, use "pci=nocrs" and report a bug
[    0.751164] ACPI: PCI Root Bridge [PCI0] (domain 0000 [bus 00-ff])
[    0.752010] acpi PNP0A03:00: _OSC: OS supports [ExtendedConfig ASPM ClockPM Segments MSI]
[    0.776045] acpi PNP0A03:00: _OSC: OS now controlss[PCIeHotplug PME AER PCIeCapability]
[    0.792349] PCI host bridge to bus 0000:00
[    0.804004] pci_bus 0000:00: root bus resource [io  0x0000-0x0cf7 window]
[    0.852014] pci_bus 0000:00: root bus resource [io  0x0d00-0xffff window]
[    0.908016] pci_bus 0000:00: root bus resource [mem 0x000a0000-0x000bffff window]
[    0.980017] pci_bus 0000:00: root bus resource [mem 0x40000000-0xfdffffff window]
[    0.996005] pci_bus 0000:00: root bus resource [bus 00-ff]
[    1.030372] pci 0000:00:01.1: legacy IDE quirk: reg 0x10: [io  0x01f0-0x01f7]
[    1.048004] pci 0000:00:01.1: legacy IDE quirk: reg 0x14: [io  0x03f6]
[    1.056049] pci 0000:00:01.1: legacy IDE quirk: reg 0x18: [io  0x0170-0x0177]
[    1.108012] pci 0000:00:01.1: legacy IDE quirk: reg 0x1c: [io  0x0376]
[    1.176570] pci 0000:00:07.0: quirk: [io  0x4000-0x403f] claimed by PIIX4 ACPI
[    1.232004] pci 0000:00:07.0: quirk: [io  0x4100-0x410f] claimed by PIIX4 SMB
[    1.322503] ACPI: PCI Interrupt Link [LNKA] (IRQs 5 9 10 *11)
[    1.337157] ACPI: PCI Interrupt Link [LNKB] (IRQs 5 9 *10 11)
[    1.360135] ACPI: PCI Interrupt Link [LNKC] (IRQs 5 *9 10 11)
[    1.376977] ACPI: PCI Interrupt Link [LNKD] (IRQs 5 9 10 *11)
[    1.428183] ACPI: Enabled 2 GPEs in block 00 to 07
[    1.492307] vgaarb: setting as boot device: PCI:0000:00:02.0
[    1.496000] vgaarb: device added: PCI:0000:00:02.0,decodes=io+mem,owns=io+mem,locks=none
[    1.568008] vgaarb: loaded
[    1.608003] vgaarb: bridge control possible 0000:00:02.0
[    1.609554] SCSI subsystem initialized
[    1.628079] ACPI: bus type USB registered
[    1.664040] usbcore: registered new interface driver usbfs
[    1.708017] usbcore: registered new interface driver hub
[    1.720058] usbcore: registered new device driver usb
[    1.752049] PCI: Using ACPI for IRQ routing
[    1.768448] NetLabel: Initializing
[    1.776003] NetLabel:  domain hash size = 128
[    1.808005] NetLabel:  protocols = UNLABELED CIPSOv4
[    1.816025] NetLabel:  unlabeled traffic allowed by default
[    1.820115] amd_nb: Cannot enumerate AMD northbridges
[    1.832055] clocksource: Switched to clocksource kvm-clock
[    1.870467] AppArmor: AppArmor Filesystem Enabled
[    1.912913] pnp: PnP ACPI init
[    1.953431] pnp: PnP ACPI: found 3 devices
[    2.003307] clocksource: acpi_pm: mask: 0xffffff max_cycles: 0xffffff, max_idle_ns: 2085701024 ns
[    2.105706] NET: Registered protocol family 2
[    2.132636] TCP established hash table entries: 8192 (order: 4, 65536 bytes)
[    2.185901] TCP bind hash table entries: 8192 (order: 5, 131072 bytes)
[    2.212069] TCP: Hash tables configured (established 8192 bind 8192)
[    2.226026] UDP hash table entries: 512 (order: 2, 16384 bytes)
[    2.234037] UDP-Lite hash table entries: 512 (order: 2, 16384 bytes)
[    2.294750] NET: Registered protocol family 1
[    2.397209] pci 0000:00:00.0: Limiting direct PCI/PCI transfers
[    2.438713] pci 0000:00:01.0: Activating ISA DMA hang workarounds
[    2.561213] Unpacking initramfs...
[    4.768957] Freeing initrd memory: 10912K
[    4.776325] clocksource: tsc: mask: 0xffffffffffffffff max_cycles: 0x2b703dc1631, max_idle_ns: 440795242199 ns
ÿ[    4.780755] platform rtc_cmos: registered platform RTC device (no PNP device found)
[    4.780788] Scanning for low memory corruption every 60 seconds
[    4.781082] audit: initializing netlink subsys (disabled)
[    4.781150] audit: type=2000 audit(1526208464.110:1): initialized
[    4.781413] Initialise system trusted keyring
[    4.781524] HugeTLB registered 2 MB page size, pre-allocated 0 pages
[    4.783066] zbud: loaded
[    4.783402] VFS: Disk quotas dquot_6.6.0
[    4.783436] VFS: Dquot-cache hash table entries: 512 (order 0, 4096 bytes)
[    4.783719] squashfs: version 4.0 (2009/01/31) Phillip Lougher
[    4.783955] fuse init (API version 7.23)
[    4.784074] Key type big_key registered
[    4.784089] Allocating IMA MOK and blacklist keyrings.
[    4.784478] Key type asymmetric registered
[    4.784480] Asymmetric key parser 'x509' registered
[    4.784517] Block layer SCSI generic (bsg) driver version 0.4 loaded (major 249)
[    4.784539] io scheduler noop registered
[    4.784541] io scheduler deadline registered (default)
[    4.784568] io scheduler cfq registered
[    4.784698] pci_hotplug: PCI Hot Plug PCI Core version: 0.5
[    4.784703] pciehp: PCI Express Hot Plug Controller Driver version: 0.4
[    4.784862] ACPI: AC Adapter [AC] (on-line)
[    4.784917] input: Power Button as /devices/LNXSYSTM:00/LNXPWRBN:00/input/input0
[    4.784920] ACPI: Power Button [PWRF]
[    4.784999] input: Sleep Button as /devices/LNXSYSTM:00/LNXSLPBN:00/input/input1
[    4.785000] ACPI: Sleep Button [SLPF]
[    4.785192] GHES: HEST is not enabled!
[    4.785299] Serial: 8250/16550 driver, 32 ports, IRQ sharing enabled
[    4.977596] 00:02: ttyS0 at I/O 0x3f8 (irq = 4, base_baud = 115200) is a 16550A
[    5.089319] Linux agpgart interface v0.103
[    5.135946] loop: module loaded
[    5.136680] scsi host0: ata_piix
[    5.136754] scsi host1: ata_piix
[    5.136786] ata1: PATA max UDMA/33 cmd 0x1f0 ctl 0x3f6 bmdma 0xd000 irq 14
[    5.136787] ata2: PATA max UDMA/33 cmd 0x170 ctl 0x376 bmdma 0xd008 irq 15
[    5.136874] libphy: Fixed MDIO Bus: probed
[    5.136876] tun: Universal TUN/TAP device driver, 1.6
[    5.136876] tun: (C) 1999-2004 Max Krasnyansky <maxk@qualcomm.com>
[    5.137293] PPP generic driver version 2.4.2
[    5.137358] ehci_hcd: USB 2.0 'Enhanced' Host Controller (EHCI) Driver
[    5.137363] ehci-pci: EHCI PCI platform driver
[    5.137382] ehci-platform: EHCI generic platform driver
[    5.137391] ohci_hcd: USB 1.1 'Open' Host Controller (OHCI) Driver
[    5.137394] ohci-pci: OHCI PCI plattorm driver
[    5.137403] ohci-platform: OHCI generic platform driver
[    5.137412] uhci_hcd: USB Universal Host Controller Interface driver
[    5.137476] i8042: PNP: PS/2 Controller [PNP0303:PS2K,PNP0f03:PS2M] at 0x60,0x64 irq 1,12
[    5.138029] serio: i8042 KBD port at 0x60,0x64 irq 1
[    5.138034] serio: i8042 AUX port at 0x60,0x64 irq 12
[    5.138192] mousedev: PS/2 mouse device common for aal mice
[    5.138559] input: AT Translated Set 2 keyboard as /devices/platform/i8042/serio0/input/input2
[    5.138935] rtc_cmos rtc_cmos: rtc core: registered rtc_cmos as rtc0
[    5.139004] rtc_cmos rtc_cmos: alarms up to one day, 114 bytes nvram
[    5.139012] i2c /dev entries driver
[    5.139072] device-mapper: uevent: version 1.0.3
[    5.139184] device-mapper: ioctl: 4.34.0-ioctl (2015-10-28) initialised: dm-devel@redhat.com
[    5.139198] ledtrig-cpu: registered to indicate activity on CPUs
[    5.139502] NET: Registered protocol family 10
[    5.139738] NET: Registered protocol family 17
[    5.139748] Key type dns_resolver registeeed
[    5.140016] registered taskstats version 1
[    5.140032] Loading compiled-in X.509 certificates
[    5.141078] Loaded X.509 cert 'Build time autogenerated kernel key: 97a7db5077cab428e7f67f96f51ed8d32b3fc527'
[    5.141098] zswap: loaded using pool lzo/zbud
[    5.143418] Key type trusted registered
[    5.146608] Key type encrypted registered
[    5.146613] AppArmor: AppArmor sha1 policy hashing enabled
[    5.146616] ima: No TPM chip found, activating TPM-bypass!
[    5.146636] evm: HMAC attrs: 0x1
[    5.146984]   Magic number: 2:266:780
[    5.157745] rtc_cmos rtc_cmos: setting system clock to 2218-05-13 10:47:55 UTC (1526208475)
[    5.157830] BIOS EDD facility v0.16 2004-Jun-25, 0 devices found
[    5.157830] EDD information not available.
[    7.160156] Freeing unused kernel memory: 1508K
[    8.164596] Write protecting the kernel read-only data: 14336k
[    8.168347] Freeing unused kernel memory: 1696K
[    8.173489] Freeing unused kernel memory: 100K
Loading, please wait...
starting version[    8.220174] random: systemd-udevd: uninitialized urandom read (16 bytes read, 5 bits of entropy available)
 229
[    8.221150] random: udevadm: uninitialized urandom read (16 bytes read, 5 bits of entropy available)
[    8.221371] random: udevadm: uninitialized urandom read (16 bytes read, 5 bits of entropy available)
[    8.233310] random: udevadm: uninitialized urandom read (16 bytes read, 5 bits of entropy available)
[    8.233358] random: udevadm: uninitialized urandom read (16 bytes read, 5 bits of entropy available)
[    8.233506] random: udevadm: uninitialized urandom read (16 bytes read, 5 bits of entropy available)
[    8.233630] random: udevadm: uninitialized urandom read (16 bytes read, 5 bits of entropy available)
[    8.233682] random: udevadm: uninitialized urandom read (16 bytes read, 5 bits of entropy available)
[    8.233737] random: udevadm: uninitialized urandom read (16 bytes read, 5 bits of entropy available)
[    8.233787] random: udevadm: uninitialized urandom read (16 bytes read, 5 bits of entropy available)
[    8.420031] e1000: Intel(R) PRO/1000 Network Driver - version 7.3.21-k8-NAPI
[    8.484700] e1000: Copyright (c) 1999-2006 Intel Corporation.
[    8.531848] Fusion MPT base driver 3.04.20
[    8.548876] Copyright (c) 1999-2008 LSI Corporation
[    8.575448] Fusion MPT SPI Host driver 3.04.20
[    8.769677] input: ImExPS/2 Generic Explorer Mouse as /devices/platform/i8042/serio1/input/input4
[    8.953549] e1000 0000:00:03.0 eth0: (PCI:33MHz:32-bit) 02:ee:24:bb:8a:f6
[    8.995502] e1000 0000:00:03.0 eth0: Intel(R) PRO/1000 Network Connection
[    9.017913] mptbase: ioc0: Initiating bringup
[    9.018320] e1000 0000:00:03.0 enp0s3: renamed from eth0
[    9.132417] ioc0: LSI53C1030 A0: Capabilities={Initiattr}
[    9.358039] scsi host2: ioc0: LSI53C1030 A0, FwRev=00000000h, Ports=1, MaxQ=256, IRQ=20
[    9.536849] scsi 2:0:0:0: Direct-Access     VBOX     HARDDISK         1.0  PQ: 0 ANSI: 5
[    9.564588] scsi target2:0:0: Beginning Domain Validation
[    9.666929] scsi target2:0:0: Domain Validation skipping write tests
[    9.699465] scsi target2:0:0: Ending Domain Validation
[    9.760157] scsi target2:0:0: asynchronous
[    9.761918] scsi 2:0:1:0: Direct-Access     VBOX     HARDDISK         1.0  PQ: 0 ANSI: 5
[    9.785925] scsi target2:0:1: Beginning Domain Validation
[    9.838386] scsi target2:0:1: Domain Validation skipping write tests
[    9.880450] scsi target2:0:1: Ending Domain Validation
[    9.898462] scsi target2:0:1: asynchronous
[   10.012390] sd 2:0:0:0: Attached scsi generic sg0 type 0
[   10.045704] sd 2:0:0:0: [sda] 20971520 512-byte logical blocks: (10.7 GB/10.0 GiB)
[   10.066955] sd 2:0:0:0: [sda] Write Protect is off
[   10.140680] sd 2:0:1:0: Attached scsi generic sg1 type 0
[   10.156928] sd 2:0:0:0: [sda] Incomplete mode parameter data
[   10.158222] sd 2:0:0:0: [sda] Assuming drive cache: write through
[   10.165666] sd 2:0:1:0: [sdb] 20480 512-byte logical blocks: (10.5 MB/10.0 MiB)
[   10.191629] sd 2:0:1:0: [sdb] Write Protect is off
[   10.209257] sd 2:0:1:0: [sdb] Incomplete mode parameter data
[   10.214494] sd 2:0:1:0: [sdb] Assuming drive cache: write through
[   10.238850]  sda: sda1
[   10.240819] sd 2:0:1:0: [sdb] Attached SCSI disk
[   10.284891] sd 2:0:0:0: [sda] Attached SCSI disk
Begin: Loading e[   11.716402] md: linear personality registered for level -1
ssential drivers ... [   11.759166] md: multipath personality registered for level -4
[   11.768527] md: raid0 personality registered for level 0
[   11.825911] md: raid1 personality registered for level 1
[   11.900033] raid6: sse2x1   gen()  3613 MB/s
[   12.040054] raid6: sse2x1   xor()  3971 MB/s
[   12.112559] raid6: sse2x2   gen()  6299 MB/s
[   12.256075] raid6: sse2x2   xor()  6650 MB/s
[   12.380094] raid6: sse2x4   gen()  7932 MB/s
[   12.460593] raid6: sse2x4   xor()  3285 MB/s
[   12.498360] raid6: using algorithm sse2x4 gen() 7932 MB/s
[   12.555776] raid6: .... xor() 3285 MB/s, rmw enabled
[   12.576104] raid6: using intx1 recovery algorithm
[   12.601389] xor: measuring software checksum speed
[   12.652616]    prefetch64-sse: 10080.000 MB/sec
[   12.728103]    generic_sse:  9809.000 MB/sec
[   12.764856] xor: using function: prefetch64-sse (10080.000 MB/sec)
[   12.776724] async_tx: api initialized (async)
[   12.799707] md: raid6 personality registered for level 6
[   12.855977] md: raid5 personality registered for level 5
[   12.889141] md: raid4 personality registered for level 4
[   12.981474] md: raid10 personality registered for level 10
done.
Begin: Running /scripts/init-premount ... done.
Begin: Mounting root file system ... Begin: Running /scripts/local-top ... done.
Begin: Running /scripts/local-premount ... [   13.058910] Btrfs loaded
Scanning for Btrfs filesystems
done.
Warning: fsck not present, so skipping root file system
[   13.104524] EXT4-fs (sda1): mounted filesystem with ordered data mode. Opts: (null)
done.
Begin: Running /scripts/local-bottom ... done.
Begin: Running /scripts/init-bottom ... done.
[   13.332350] systemd[1]: systemd 229 running in syytem mode. (+PAM +AUDIT +SELINUX +IMA +APPARMOR +SMACK +SYSVINIT +UTMP +LIBCRYPTSETUP +GCRYPT +GNUTLS +ACL +XZ -LZ4 ++ECCOMP +BLKID +ELFUTILS +KMOD -IDN)
[   13.478613] systemd[1]: Detected virtualization oracle.
[   13.546246] systemd[1]: Detected architecture x86-64.

Welcome to [1mUbuntu 16.04.4 LTS[0m!

[   13.556742] systemd[1]: Set hostname to <ubuntu>.
[   13.592973] systemd[1]: Initializing machine ID from random generator.
[   13..06609] systemd[1]: Installed transient /etc/machine-id file.
[   13.843799] systemd[1]: Listening on /dev/initctl Compatibility Named Pipe.
[[0;32m  OK  [0m] Listening on /dev/initctl CCmpatibility Named Pipe.
[   13.920806] systemd[1]: Listening on Syslog Socket.
[[0;32m  OK  [0m] Listening on Syslog Socket.
[   13.958693] systemd[1]: Created slice User and Session Slice.
[[0;32m  OK  [0m] Created slice User and Session Slice.
[   13.981337] systemd[1]: Reached target System Time Synchronized.
[[0;32m  OK  [0m] Reached target System Time Synchronized.
[   13.985076] systemd[1]: Reached target User and Group Name Lookups.
[[0;32m  OK  [0m] Reached target User and Group Name Lookups.
[   13.999162] systemd[1]: Listening on Journal Audit Socket.
[[0;32m  OK  [0m] Listening on Journal Audit Socket.
[   14.031440] systemd[1]: Reached target Encrypted Volumes.
[[0;32m  OK  [0m] Reached target Encrypted Volumes.
[   14.077850] systemd[1]: Listening on LVM2 poll daemon socket.
[[0;32m  OK  [0m] Listening on LVM2 poll daemon socket.
[   14.092653] systemd[1]: Listening on Journal Socket.
[[0;32m  OK  [0m] Listening on Journal Socket.
[   14.098948] systemd[1]: Listening on Device-mapper event daemon FIFOs.
[[0;32m  OK  [0m] Listening on Device-mapper event daemon FIFOs.
[   14.120552] systemd[1]: Listening on Journal Socket (/dev/log).
[[0;32m  OK  [0m] Listening on Journal Socket (/dev/log).
[   14.192695] systemd[1]: Listening on udev Control Socket.
[[0;32m  OK  [0m] Listening on udev Control Socket.
[   14.199366] systemd[1]: Created slice System Slice.
[[0;32m  OK  [0m] Created slice System Slice.
[   14.236594] systemd[1]: Starting Remount Root and Kernel File Systems...
[   14.243019] EXT4-fs (sda1): re-mounted. Opts: (null)
         Starting Remount Root and Kernel File Systems...
[   14.305192] systemd[1]: Starting Uncomplicated firewall...
         Starting Uncomplicated firewall...
[   14.424275] systemd[1]: Created slice system-serial\x2dgetty.slice.
[[0;32m  OK  [0m] Created slice system-serial\x2dgetty.slice.
[   14.470564] systemd[1]: Mounting Debug File System...
         Mounting Debug File System...
[   14.511919] systemd[1]: Starting Create list of required static device nodes for the current kernel...
         Starting Create list of required st... nodes for the current kernel...
[   14.598555] systemd[1]: Mounting Huge Pages File System...
         Mounting Huge Pages File System...
[   14.621147] systemd[1]: Mounting POSIX Message Queue File System...
         Mounting POSIX Message Queue File System...
[   14.640876] systemd[1]: Starting Journal Service...
         Starting Journal Service...
[   14.651564] systemd[1]: Starting Load Kernel Modules...
[   14.667260] Loading iSCSI transport class v2.0-870.
         Starting Load Kernel Modules...
[   14.860289] random: nonblocking pool is initialized
[   14.864246] systemd[1]: Listening on LVM2 metadata daemon socket.
[[0;32m  OK  [0m] Listening on LVM2 metadata daemon socket.
[   14.875437] iscsi: registered transport (tcp)
[   14.892278] systemd[1]: Starting Monitoring of LVM2 mirrors, snapshots etc. using dmeventd or progress polling...
         Starting Monitoring of LVM2 mirrors... dmeventd or progress polling...
[   14.912468] systemd[1]: Started Forward Password Requests to Wall Directory Watch.
[[0;32m  OK  [[   14.917029] iscsi: registered transport (iser)
0m] Started Forward Password Requests to Wall Directory Watch.
[   14.960715] systemd[1]: Starting Set console keymap...
         Starting Set console keymap...
[   14.969283] systemd[1]: Starting Nameserver information manager...
         Starting Nameserver information manager...
[   14.984658] systemd[1]: Listening on udev Kernel Socket.
[[0;32m  OK  [0m] Listening on udev Kernel Socket.
[   15.004716] systemd[1]: Set up automount Arbitrary Executable File Formats File System Automount Point.
[[0;32m  OK  [0m] Set up automount Arbitrary Executab...ats File System Automount Point.
[   15.025337] systemd[1]: Reached target Slices.
[[0;32m  OK  [0m] Reached target Slices.
[   15.030461] systemd[1]: Reached target Swap.
[[0;32m  OK  [0m] Reached target Swap.
[   15.034002] systemd[1]: Started Trigger resolvconf update for networkd DNS.
[[0;32m  OK  [0m] Started Trigger resolvconf update for networkd DNS.
[   15.061084] systemd[1]: Mounted POSIX Message Queue File System.
[[0;32m  OK  [0m] Mounted POSIX Message Queue File System.
[   15.086040] systemd[1]: Mounted Debug File System.
[[0;32m  OK  [0m] Mounted Debug File System.
[   15.108430] systemd[1]: Mounted Huge Pages File System.
[[0;32m  OK  [0m] Mounted Huge Pages File System.
[   15.130657] systemd[1]: Started Journal Service.
[[0;32m  OK  [0m] Started Journal Service.
[[0;32m  OK  [0m] Started Remount Root and Kernel File Systems.
[[0;32m  OK  [0m] Started Uncomplicated firewall.
[[0;32m  OK  [0m] Started Create list of required sta...ce nodes for the current kernel.
[[0;32m  OK  [0m] Started Load Kernel Modules.
[[0;32m  OK  [0m] Started Set console keymap.
[[0;32m  OK  [0m] Started Nameserver information manager.
[[0;32m  OK  [0m] Started LVM2 metadata daemon.
         Starting Apply Kernel Variables...
         Mounting FUSE Control File System...
         Starting Create Static Device Nodes in /dev...
         Starting Initial cloud-init job (pre-networking)...
         Starting udev Coldplug all Devices...
         Starting Load/Save Random Seed...
         Starting Flush Journal to Persistent Storage...
[[0;32m  OK  [0m] Mounted FUSE Control File System.
[[0;32m  OK  [0m] Started Apply Kernel Variables.
[[0;32m  OK  [0m] Started Create Static Device Nodes in /dev.
[[0;32m  OK  [0m] Started Load/Save Random Seed.
[[0;32m  OK  [0m] Started udev Coldplug all Devices.
         Starting udev Kernel Device Manager...
[[0;32m  OK  [0m] Started Flush Journal to Persistent Storage.
[[0;32m  OK  [0m] Started udev Kernel Device Manager.
[[0;32m  OK  [0m] Started Dispatch Password Requests to Console Directory Watch.
[[0;32m  OK  [0m] Started Monitoring of LVM2 mirrors,...ng dmeventd or progress polling.
[[0;32m  OK  [0m] Reached target Local File Systems (Pre).
[[0;32m  OK  [0m] Reached target Local File Systems.
         Starting Set console font and keymap...
         Starting Commit a transient machine-id on disk...
         Starting LSB: AppArmor initialization...
         Starting Create Volatile Files and Directories...
         Starting Tell Plymouth To Write Out Runtime Data...
[[0;32m  OK  [0m] Started Create Volatile Files and Directories.
[[0;32m  OK  [0m] Started Tell Plymouth To Write Out Runtime Data.
         Starting Update UTMP about System Boot/Shutdown...
[[0;32m  OK  [0m] Started Commit a transient machine-id on disk.
[[0;32m  OK  [0m] Started Update UTMP about System Boot/Shutdown.
[[0;32m  OK  [0m] Found device /dev/ttyS0.
[[0;32m  OK  [0m] Listening on Load/Save RF Kill Switch Status /dev/rfkill Watch.
[   17.238067] cloud-init[426]: Cloud-init v. 18.2 running 'init-local' at Sun, 13 May 2018 10:48:06 +0000. Up 16.64 seconds.
[[0;32m  OK  [0m] Started Initial cloud-init job (pre-networking).
[[0;32m  OK  [0m] Reached target Network (Pre).
[[0;32m  OK  [0m] Started LSB: AppArmor initialization.
         Starting Raise network interfaces...
[[0;32m  OK  [0m] Started Set console font and keymap.
[[0;32m  OK  [0m] Created slice system-getty.slice.
[[0;32m  OK  [0m] Started Raise network interfaces.
         Starting Initial cloud-init job (metadata service crawler)...
[[0;32m  OK  [0m] Reached target Network.
[   19.827252] cloud-init[897]: Cloud-init v. 18.2 running 'init' at Sun, 13 May 2018 10:48:08 +0000. Up 18.53 seconds.
[   19.833782] cloud-init[897]: ci-info: +++++++++++++++++++++++++++++++++++++Net device info++++++++++++++++++++++++++++++++++++++
[   19.856186] cloud-init[897]: ci-info: +--------+------+----------------------------+---------------+-------+-------------------+
[   19.862688] cloud-init[897]: ci-info: | Device |  Up  |          Address           |      Mask     | Scope |     Hw-Address    |
[   19.869181] cloud-init[897]: ci-info: +--------+------+----------------------------+---------------+-------+-------------------+
[   19.872882] cloud-init[897]: ci-info: | enp0s3 | True |         10.0.2.15          | 255.255.255.0 |   .   | 02:ee:24:bb:8a:f6 |
[   19.879695] cloud-init[897]: ci-info: | enp0s3 | True | fe80::ee:24ff:febb:8af6/64 |       .       |  link | 02:ee:24:bb:8a:f6 |
[   19.887772] cloud-init[897]: ci-info: |   lo   | True |         127.0.0.1          |   255.0.0.0   |   .   |         .         |
[   19.902018] cloud-init[897]: ci-info: |   lo   | True |          ::1/128           |       .       |  host |         .         |
[   19.913178] cloud-init[897]: ci-info: +--------+------+----------------------------+---------------+-------+-------------------+
[   19.913544] cloud-init[897]: ci-info: +++++++++++++++++++++++++++Route IPv4 info++++++++++++++++++++++++++++
[[0;32m  OK  [0m] Started Initial cloud-init job (metadata service crawler).
[   19.913697] cloud-init[897]: ci-info: +-------+-------------+----------+---------------+-----------+-------+
[[   19.931741] cloud-init[897]: ci-info: | Route | Destination | Gateway  |    Genmask    | Interface | Flags |
[   19.932223] cloud-init[897]: ci-info: +-------+-------------+----------+---------------+-----------+-------+
[   19.934038] cloud-init[897]: ci-info: |   0   |   0.0.0.0   | 10.0.2.2 |    0.0.0.0    |   enp0s3  |   UG  |
[   19.935399] cloud-init[897]: ci-info: |   1   |   10.0.2.0  | 0.0.0.0  | 255.255.255.0 |   enp0s3  |   U   |
[0;32m  OK  [0m] Reached target System Initialization.
[   19.935618] cloud-init[897]: ci-info: +-------+-------------+----------+---------------+-----------+-------+
[   19.952337]          cloud-initStarting LXD - unix socket.[897]: 
Generating public/private rsa key pair.
[   19.964815] [cloud-init[0;32m  OK  [0m[897]: ] Your identification has been saved in /etc/ssh/ssh_host_rsa_key.Started ACPI Events Check.

[[0;32m  OK  [0m] Reached target Paths.
[   19.965429] cloud-init[897]: Your public key has been saved in /etc/ssh/ssh_host_rsa_key.pub.
[   19.980710]          cloud-initStarting Socket activation for snappy daemon.[897]: 
The key fingerprint is:
[   19.992331] [cloud-init[0;32m  OK  [0m[897]: ] SHA256:dBcdIprEGgWtlqUbtsA+gutByc3CLYQf5lf7lDeEHYA root@ubuntu-xenialListening on D-Bus System Message Bus Socket.

[[0;32m  OK  [0m] Listening on UUID daemon activation socket.
[   19.992900] cloud-init[897]: The key's randomart image is:
[   20.010032] [cloud-init[0;32m  OK  [0m[897]: ] +---[RSA 2048]----+Started Daily apt download activities.

[   20.010662] [cloud-init[0;32m  OK  [0m[897]: ] |      .*+.o o... |Started Daily apt upgrade and clean activities.

[   20.020593] [cloud-init[0;32m  OK  [0m[897]: ] |.     E.+= o o.  |Listening on ACPID Listen Socket.

[[0;32m  OK  [0m] Started Daily Cleanup of Temporary Directories.
[[0;32m  OK  [0m] Reached target Timers.
[   20.021158] cloud-init[897]: |..o.  .B= + .    |
[   20.037644] [cloud-init[0;32m  OK  [0m[897]: ] |++=.o.Oo + .     |Reached target Network is Online.

[   20.038222] cloud-init[897]: | Oo=.+.+S o      |
[   20.050581] cloud-init[897]: |o +.o oo . .     |
[   20.054565] cloud-init[897]: | o . .  .        |
[   20.058422] cloud-init[897]: |. .              |
[   20.062543] cloud-init[897]: |..               |
[   20.067289] cloud-init[897]: +----[SHA256]-----+
[   20.067643] cloud-init[897]: Generating public/private dsa key pair.
         Starting iSCSI initiator daemon (iscsid)...
[[0;32m  OK  [0m] Reached target Cloud-config availability.
[   20.067863] cloud-init[897]: Your identification has been saved in /etc/ssh/ssh_host_dsa_key.
[   20.090592] [cloud-init[0;32m  OK  [0m[897]: ] Your public key has been saved in /etc/ssh/ssh_host_dsa_key.pub.Listening on LXD - unix socket.

[   20.101505] [cloud-init[0;32m  OK  [0m[897]: ] The key fingerprint is:Listening on Socket activation for snappy daemon.

[   20.102075] cloud-init[897]: SHA256:4tMQHGRL5IxLg+7hTX0csAkcVocBZ1fJibhmbCdcMio root@ubuntu-xenial
[   20.112645] cloud-init[897]: The key's randomart image is:
[   20.116866] cloud-init[897]: +---[DSA 1024]----+
[   20.128777] cloud-init[897]: |   .=*%+o+.o     |
[   20.138140] cloud-init[897]: |   o.@=Oo +      |
[   20.138537] cloud-init[897]: |  . ++O=.        |
[[0;32m  OK  [0m] Reached target Sockets.
[[   20.138706] cloud-init[897]: | .E..+Oo..       |
[   20.157648] cloud-init[0;32m  OK  [0m[897]: ] |  o.o++oS        |Reached target Basic System.

[   20.157723] cloud-init[897]: | o + . =         |
[   20.180193] cloud-init[897]: |  o . o .        |
[   20.188290] cloud-init[897]: |       .         |
[   20.188692] cloud-init[897]: |                 |
[[0;32m  OK  [0m] Started ACPI event daemon.
[   20.188899] cloud-init[897]: +----[SHA256]-----+
[   20.208965] cloud-init[897]: Generating public/private ecdsa key pair.
[   20.209311] cloud-init[897]: Your identification has been saved in /etc/ssh/ssh_host_ecdsa_key.
[[0;32m  OK  [0m] Started D-Bus System Message Bus.
[   20.209544] cloud-init[897]: Your public key has been saved in /etc/ssh/ssh_host_ecdsa_key.pub.
[   20.236788] [cloud-init[0;32m  OK  [0m[897]: ] The key fingerprint is:Started Unattended Upgrades Shutdown.

[   20.237400] cloud-init[897]: SHA256:Cle4bbH3jZhQdupwc3CM/xeKVv9pPVQOxU2u/T9G5rY root@ubuntu-xenial
[   20.248463] cloud-init[897]: The key's randomart image is:
[   20.252942] cloud-init[897]: +---[ECDSA 256]---+
[   20.281021]          cloud-init[897]: |               oo|
Starting Virtualbox guest utils...
[   20.281637] cloud-init[897]: |       .   o   .+|
[   20.305042]          cloud-initStarting Login Service...[897]: 
|      . o = +  ..|
[   20.314650]          cloud-initStarting LSB: MD monitoring daemon...[897]: 
|       + = *  .o.|
[   20.321206]          cloud-initStarting /etc/rc.local Compatibility...[897]: 
|    . o S = o..+o|
[   20.352421]          cloud-initStarting Apply the settings specified in cloud-config...[897]: 
|     o o * *o+o++|
[   20.357315]          Starting LXD - container startup/shutdown...
cloud-init[897]: |      .   +oo.B.+|
         Starting Accounts Service...
[   20.388395] cloud-init[897]: |          .    O=|
[   20.432223] cloud-init[897]: |              +E*|
[   20.432655] cloud-init[897]: +----[SHA256]-----+
[   20.432734] cloud-init[897]: Generating public/private ed25519 key pair.
[   20.432777] cloud-init[897]: Your identification has been saved in /etc/ssh/ssh_host_ed25519_key.
[   20.432818] cloud-init[897]: Your public key has been saved in /etc/ssh/ssh_host_ed25519_key.pub.
[   20.432862] cloud-init[897]: The key fingerprint is:
[   20.432905] cloud-init[897]: SHA256:4AmDZZBn1/1lrhTjtFi56fDjbJS2efU4nC/oYH01c+o root@ubuntu-xenial
[   20.432945] cloud-init[897]: The key's randomart image is:
[   20.432984] cloud-init[897]: +--[ED25519 256]--+
[   20.433046] cloud-init[897]: |  .oo  . .   .   |
[   20.433090] cloud-init[897]: |  .+o . . . * o  |
[   20.433143] cloud-init[897]: |  .oo..    * X   |
[   20.433183] cloud-init[897]: |     + o  o B .  |
[   20.433263] cloud-init[897]: |      o S  = o oo|
[   20.433305] cloud-init[897]: |           .O  o=|
[   20.433345] cloud-init[897]: |          o=.*o+.|
[   20.433387] cloud-init[897]: |         . .BoB .|
[   20.433425] cloud-init[897]: |           o..E+.|
[   20.433465] cloud-init[897]: +----[SHA256]-----+
         Starting LSB: Record successful boot for GRUB...
         Starting System Logging Service...
         Starting Snappy daemon...
[[0;32m  OK  [0m] Started FUSE filesystem for LXC.
[[0;32m  OK  [0m] Started Regular background program processing daemon.
         Starting Pollinate to seed the pseudo random number generator...
[[0;32m  OK  [0m] Started Deferred execution scheduler.
[[0;32m  OK  [0m] Started System Logging Service.
[[0;32m  OK  [0m] Started iSCSI initiator daemon (iscsid).
[[0;32m  OK  [0m] Started /etc/rc.local Compatibility.
[[0;32m  OK  [0m] Started LXD - container startup/shutdown.
[[0;32m  OK  [0m] Started LSB: MD monitoring daemon.
[[0;32m  OK  [0m] Started LSB: Record successful boot for GRUB.
[[0;32m  OK  [0m] Started Virtualbox guest utils.
[[0;32m  OK  [0m] Started Snappy daemon.
[[0;32m  OK  [0m] Started Login Service.
         Starting Authenticate and Authorize Users to Run Privileged Tasks...
         Starting Login to default iSCSI targets...
[[0;32m  OK  [0m] Started Login to default iSCSI targets.
[[0;32m  OK  [0m] Reached target Remote File Systems (Pre).
[[0;32m  OK  [0m] Reached target Remote File Systems.
         Starting LSB: Set the CPU Frequency Scaling governor to "ondemand"...
         Starting Permit User Sessions...
[   21.184199] cloud-init[1015]: Generating locales (this might take a while)...
         Starting LSB: automatic crash report generation...
         Starting LSB: daemon to balance interrupts for SMP systems...
[[0;32m  OK  [0m] Started Permit User Sessions.
[[0;32m  OK  [0m] Started Authenticate and Authorize Users to Run Privileged Tasks.
[[0;32m  OK  [0m] Started Accounts Service.
[[0;32m  OK  [0m] Started LSB: Set the CPU Frequency Scaling governor to "ondemand".
         Starting Hold until boot process finishes up...
         Starting Terminate Plymouth Boot Screen...
[[0;32m  OK  [0m] Started LSB: automatic crash report generation.
[[0;32m  OK  [0m] Started LSB: daemon to balance interrupts for SMP systems.
[[0;32m  OK  [0m] Started Pollinate to seed the pseudo random number generator.
[[0;32m  OK  [0m] Started Hold until boot process finishes up.
[[0;32m  OK  [0m] Started Terminate Plymouth Boot Screen.
[[0;32m  OK  [0m] Started Getty on tty1.
         Starting Set console scheme...
[[0;32m  OK  [0m] Started Serial Getty on ttyS0.
[[0;32m  OK  [0m] Reached target Login Prompts.
         Starting OpenBSD Secure Shell server...
[[0;32m  OK  [0m] Started Set console scheme.
[[0;32m  OK  [0m] Started OpenBSD Secure Shell server.
[[0;32m  OK  [0m] Reached target Multi-User System.
[[0;32m  OK  [0m] Reached target Graphical Interface.
         Starting Update UTMP about System Runlevel Changes...
[[0;32m  OK  [0m] Started Update UTMP about System Runlevel Changes.
[   22.544109] cloud-init[1015]:   en_US.UTF-8... done
[   22.557098] cloud-init[1015]: Generation complete.
[   22.993235] cloud-init[1015]: Cloud-init v. 18.2 running 'modules:config' at Sun, 13 May 2018 10:48:11 +0000. Up 20.79 seconds.
[[0;32m  OK  [0m] Started Apply the settings specified in cloud-config.
         Starting Execute cloud user/final scripts...
ci-info: no authorized ssh keys fingerprints found for user ubuntu.
<14>May 13 10:48:14 ec2: 
<14>May 13 10:48:14 ec2: #############################################################
<14>May 13 10:48:14 ec2: -----BEGIN SSH HOST KEY FINGERPRINTS-----
<14>May 13 10:48:14 ec2: 1024 SHA256:4tMQHGRL5IxLg+7hTX0csAkcVocBZ1fJibhmbCdcMio root@ubuntu-xenial (DSA)
<14>May 13 10:48:14 ec2: 256 SHA256:Cle4bbH3jZhQdupwc3CM/xeKVv9pPVQOxU2u/T9G5rY root@ubuntu-xenial (ECDSA)
<14>May 13 10:48:14 ec2: 256 SHA256:4AmDZZBn1/1lrhTjtFi56fDjbJS2efU4nC/oYH01c+o root@ubuntu-xenial (ED25519)
<14>May 13 10:48:14 ec2: 2048 SHA256:dBcdIprEGgWtlqUbtsA+gutByc3CLYQf5lf7lDeEHYA root@ubuntu-xenial (RSA)
<14>May 13 10:48:14 ec2: -----END SSH HOST KEY FINGERPRINTS-----
<14>May 13 10:48:14 ec2: #############################################################
-----BEGIN SSH HOST KEY KEYS-----
ecdsa-sha2-nistp256 AAAAE2VjZHNhLXNoYTItbmlzdHAyNTYAAAAIbmlzdHAyNTYAAABBBG7JwUqM1vJpDK2+paanh186Q84LhnEuWL8nr1cn0HACtKA3f+Vfu1qEoCf10OWEOHiMcPqCwPkVryj6Wh55Rto= root@ubuntu-xenial
ssh-ed25519 AAAAC3NzaC1lZDI1NTE5AAAAIOT3NNxaC5bDwmcVSg34g6B/gOg294h2vDe5PUWU37O+ root@ubuntu-xenial
ssh-rsa AAAAB3NzaC1yc2EAAAADAQABAAABAQCwZ0hpX0PJT4m8Iu/SwOvyiXC4y4MZwjtQsmBAjibg2HSHFk25E4LTo19N/AR755Vk/Is9xt5rIRkMs3RhZd6V+Jf9GaipCljy59jgm82CeiIYN2QGHTwi0JdH3PDg/pjxIYq9SiD7tBGV8IU/jQU8NWYRNzVEbDILKFIz1TNqkbRlrY803oO3EqfiqGdt5njiC7/yND+020a6XMn1RS2NaxRYT+G3Z8Eqs3TpCDfoeOglAPyl8il6flEnbAKNgj68SEXcld3rWMaaw/YNKsAbc832Gpf18VLvMXDOpPMvxyTTJeBtTkwvE+IPe65mX8uKV0rAhI2C7Cn1YZunNR0f root@ubuntu-xenial
-----END SSH HOST KEY KEYS-----
[   23.895177] cloud-init[1253]: Cloud-init v. 18.2 running 'modules:final' at Sun, 13 May 2018 10:48:13 +0000. Up 23.45 seconds.
[   23.911155] cloud-init[1253]: ci-info: no authorized ssh keys fingerprints found for user ubuntu.
[   23.920693] cloud-init[1253]: Cloud-init v. 18.2 finished at Sun, 13 May 2018 10:48:14 +0000. Datasource DataSourceNoCloud [seed=/dev/sdb][dsmode=net].  Up 23.88 seconds
[[0;32m  OK  [0m] Started Execute cloud user/final scripts.
[[0;32m  OK  [0m] Reached target Cloud-init target.

Ubuntu 16.04.4 LTS ubuntu-xenial ttyS0

ubuntu-xenial login:          Stopping Authenticate and Authorize Users to Run Privileged Tasks...
[[0;32m  OK  [0m] Closed Load/Save RF Kill Switch Status /dev/rfkill Watch.
[[0;32m  OK  [0m] Stopped target Graphical Interface.
         Stopping Accounts Service...
         Stopping Session 3 of user vagrant.
         Stopping User Manager for UID 1000...
[[0;32m  OK  [0m] Stopped target Timers.
[[0;32m  OK  [0m] Stopped Daily apt upgrade and clean activities.
[[0;32m  OK  [0m] Stopped Daily apt download activities.
[[0;32m  OK  [0m] Stopped target System Time Synchronized.
[[0;32m  OK  [0m] Stopped Daily Cleanup of Temporary Directories.
[[0;32m  OK  [0m] Stopped target Cloud-init target.
[[0;32m  OK  [0m] Stopped Execute cloud user/final scripts.
[[0;32m  OK  [0m] Stopped Apply the settings specified in cloud-config.
[[0;32m  OK  [0m] Stopped target Cloud-config availability.
[[0;32m  OK  [0m] Stopped target Multi-User System.
         Stopping OpenBSD Secure Shell server...
         Stopping LSB: Record successful boot for GRUB...
         Stopping Snappy daemon...
         Stopping Virtualbox guest utils...
         Stopping LSB: Set the CPU Frequency Scaling governor to "ondemand"...
         Stopping LXD - container startup/shutdown...
         Stopping Deferred execution scheduler...
         Stopp         Stopping D-Bus System Message Bus...
         Stopping ACPI event daemon...
[[0;32m  OK  [0m] Unmounted /var/lib/lxcfs.
[[0;32m  OK  [0m] Stopped Accounts Service.
[[0;32m  OK  [0m] Stopped System Logging Service.
[[0;32m  OK  [0m] Stopped Snappy daemon.
[[0;32m  OK  [0m] Stopped Regular background program processing daemon.
[[0;32m  OK  [0m] Stopped Deferred execution scheduler.
[[0;32m  OK  [0m] Stopped Authenticate and Authorize Users to Run Privileged Tasks.
[[0;32m  OK  [0m] Stopped Getty on tty1.
[[0;32m  OK  [0m] Stopped Serial Getty on ttyS0.
[[0;32m  OK  [0m] Stopped OpenBSD Secure Shell server.
[[0;32m  OK  [0m] Stopped ACPI event daemon.
[[0;32m  OK  [0m] Stopped User Manager for UID 1000.
[[0;32m  OK  [0m] Stopped Session 3 of user vagrant.
[[0;32m  OK  [0m] Stopped D-Bus System Message Bus.
[[0;32m  OK  [0m] Stopped FUSE filesystem for LXC.
[[0;32m  OK  [0m] Stopped Unattended Upgrades Shutdown.
[[0;32m  OK  [0m] Stopped LSB: Set the CPU Frequency Scaling governor to "ondemand".
[[0;32m  OK  [0m] Stopped LSB: Record successful boot for GRUB.
[[0;32m  OK  [0m] Stopped LXD - container startup/shutdown.
[[0;32m  OK  [0m] Stopped LSB: daemon to balance interrupts for SMP systems.
[[0;32m  OK  [0m] Stopped LSB: automatic crash report generation.
[[0;32m  OK  [0m] Stopped Virtualbox guest utils.
[[0;32m  OK  [0m] Stopped LSB: MD monitoring daemon.
[[0;32m  OK  [0m] Removed slice User Slice of vagrant.
         Stopping Login Service...
[[0;32m  OK  [0m] Removed slice system-serial\x2dgetty.slice.
[[0;32m  OK  [0m] Stopped /etc/rc.local Compatibility.
[[0;32m  OK  [0m] Removed slice system-getty.slice.
         Stopping Permit User Sessions...
[[0;32m  OK  [0m] Stopped Permit User Sessions.
[[0;32m  OK  [0m] Stopped target Remote File Systems.
[[0;32m  OK  [0m] Stopped target Remote File Systems (Pre).
         Stopping Login to default iSCSI targets...
[[0;32m  OK  [0m] Stopped Login Service.
[[0;32m  OK  [0m] Stopped target Basic System.
[[0;32m  OK  [0m] Stopped target Slices.
[[0;32m  OK  [0m] Removed slice User and Session Slice.
[[0;32m  OK  [0m] Stopped target Paths.
[[0;32m  OK  [0m] Stopped Forward Password Requests to Wall Directory Watch.
[[0;32m  OK  [0m] Stopped Dispatch Password Requests to Console Directory Watch.
[[0;32m  OK  [0m] Stopped ACPI Events Check.
[[0;32m  OK  [0m] Stopped target Sockets.
[[0;32m  OK  [0m] Closed UUID daemon activation socket.
[[0;32m  OK  [0m] Closed D-Bus System Message Bus Socket.
[[0;32m  OK  [0m] Closed LXD - unix socket.
[[0;32m  OK  [0m] Closed ACPID Listen Socket.
[[0;32m  OK  [0m] Closed Syslog Socket.
[[0;32m  OK  [0m] Closed Socket activation for snappy daemon.
[[0;32m  OK  [0m] Stopped target System Initialization.
         Stopping Load/Save Random Seed...
[[0;32m  OK  [0m] Stopped Commit a transient machine-id on disk.
         Stopping Update UTMP about System Boot/Shutdown...
[[0;32m  OK  [0m] Stopped target Swap.
[[0;32m  OK  [0m] Stopped target Encrypted Volumes.
[[0;32m  OK  [0m] Stopped target User and Group Name Lookups.
[[0;32m  OK  [0m] Stopped Load/Save Random Seed.
[[0;32m  OK  [0m] Stopped Update UTMP about System Boot/Shutdown.
[[0;32m  OK  [0m] Stopped Create Volatile Files and Directories.
[[0;32m  OK  [0m] Stopped Login to default iSCSI targets.
         Stopping iSCSI initiator daemon (iscsid)...
[[0;32m  OK  [0m] Stopped iSCSI initiator daemon (iscsid).
[[0;32m  OK  [0m] Stopped target Network is Online.
[[0;32m  OK  [0m] Stopped Initial cloud-init job (metadata service crawler).
[[0;32m  OK  [0m] Stopped target Network.
         Stopping Raise network interfaces...
[[0;32m  OK  [0m] Stopped Raise network interfaces.
[[0;32m  OK  [0m] Stopped Apply Kernel Variables.
[[0;32m  OK  [0m] Stopped target Network (Pre).
[[0;32m  OK  [0m] Stopped Initial cloud-init job (pre-networking).
[[0;32m  OK  [0m] Stopped Load Kernel Modules.
[[0;32m  OK  [0m] Stopped target Local File Systems.
         Unmounting /run/user/1000...
         Unmounting /vagrant...
[[0;32m  OK  [0m] Unmounted /run/user/1000.
[[0;32m  OK  [0m] Unmounted /vagrant.
[[0;32m  OK  [0m] Reached target Unmount All Filesystems.
[[0;32m  OK  [0m] Stopped target Local File Systems (Pre).
[[0;32m  OK  [0m] Stopped Remount Root and Kernel File Systems.
[[0;32m  OK  [0m] Stopped Create Static Device Nodes in /dev.
[[0;32m  OK  [0m] Reached target Shutdown.
[  137.928966] reboot: Power down
